<?xml version="1.0" encoding="UTF-8"?>
<robot generator="Robot 3.0.4 (Python 3.7.0 on win32)" generated="20180909 03:51:41.508">
<suite id="s1" name="Test Alza" source="C:\Development\Git\Alza\tests\test_alza.robot">
<test id="s1-t1" name="TC_001 Purchase electronic books">
<kw name="Open Alza website" library="Common">
<kw name="Open Browser" library="Selenium2Library">
<doc>Opens a new browser instance to the given ``url``.</doc>
<arguments>
<arg>${URL}</arg>
<arg>${Browser}</arg>
</arguments>
<msg timestamp="20180909 03:51:41.631" level="INFO">Opening browser 'Chrome' to base url 'http://www.alza.cz'.</msg>
<status status="PASS" starttime="20180909 03:51:41.631" endtime="20180909 03:51:46.050"></status>
</kw>
<kw name="Maximize Browser Window" library="Selenium2Library">
<doc>Maximizes current browser window.</doc>
<status status="PASS" starttime="20180909 03:51:46.050" endtime="20180909 03:51:47.164"></status>
</kw>
<status status="PASS" starttime="20180909 03:51:41.631" endtime="20180909 03:51:47.164"></status>
</kw>
<kw name="Verify the Home page" library="Common">
<kw name="Wait Until Element Is Visible" library="Selenium2Library">
<doc>Waits until element ``locator`` is visible.</doc>
<arguments>
<arg>id:logo</arg>
</arguments>
<status status="PASS" starttime="20180909 03:51:47.165" endtime="20180909 03:51:47.193"></status>
</kw>
<status status="PASS" starttime="20180909 03:51:47.165" endtime="20180909 03:51:47.194"></status>
</kw>
<kw name="Search Books" library="Alza_books">
<kw name="Click Link" library="Selenium2Library">
<doc>Clicks a link identified by ``locator``.</doc>
<arguments>
<arg>xpath://a[contains(@href,'/media')]</arg>
</arguments>
<msg timestamp="20180909 03:51:47.194" level="INFO">Clicking link 'xpath://a[contains(@href,'/media')]'.</msg>
<status status="PASS" starttime="20180909 03:51:47.194" endtime="20180909 03:51:48.339"></status>
</kw>
<kw name="Wait Until Element Is Visible" library="Selenium2Library">
<doc>Waits until element ``locator`` is visible.</doc>
<arguments>
<arg>xpath://a[text()='Elektronické knihy']</arg>
</arguments>
<status status="PASS" starttime="20180909 03:51:48.340" endtime="20180909 03:51:48.370"></status>
</kw>
<kw name="Click Link" library="Selenium2Library">
<doc>Clicks a link identified by ``locator``.</doc>
<arguments>
<arg>xpath://a[contains(@href,'/media/elektronicke-knihy/18854341.htm')]</arg>
</arguments>
<msg timestamp="20180909 03:51:48.371" level="INFO">Clicking link 'xpath://a[contains(@href,'/media/elektronicke-knihy/18854341.htm')]'.</msg>
<status status="PASS" starttime="20180909 03:51:48.371" endtime="20180909 03:51:49.042"></status>
</kw>
<kw name="Wait Until Element Is Visible" library="Selenium2Library">
<doc>Waits until element ``locator`` is visible.</doc>
<arguments>
<arg>xpath://a[contains(@title,'Knihy')]</arg>
</arguments>
<status status="PASS" starttime="20180909 03:51:49.042" endtime="20180909 03:51:49.076"></status>
</kw>
<kw name="Click Link" library="Selenium2Library">
<doc>Clicks a link identified by ``locator``.</doc>
<arguments>
<arg>xpath://a[contains(@title,'Knihy')]</arg>
</arguments>
<msg timestamp="20180909 03:51:49.076" level="INFO">Clicking link 'xpath://a[contains(@title,'Knihy')]'.</msg>
<status status="PASS" starttime="20180909 03:51:49.076" endtime="20180909 03:51:49.780"></status>
</kw>
<status status="PASS" starttime="20180909 03:51:47.194" endtime="20180909 03:51:49.780"></status>
</kw>
<kw name="Click on book" library="Alza_books">
<kw name="Click Element" library="Selenium2Library">
<doc>Click element identified by ``locator``.</doc>
<arguments>
<arg>xpath://*[contains(text(),'Labyrint pohybu')]</arg>
</arguments>
<msg timestamp="20180909 03:51:49.781" level="INFO">Clicking element 'xpath://*[contains(text(),'Labyrint pohybu')]'.</msg>
<status status="PASS" starttime="20180909 03:51:49.781" endtime="20180909 03:51:50.506"></status>
</kw>
<status status="PASS" starttime="20180909 03:51:49.780" endtime="20180909 03:51:50.507"></status>
</kw>
<kw name="Close popupwindow" library="Alza_books">
<kw name="Click Element" library="Selenium2Library">
<doc>Click element identified by ``locator``.</doc>
<arguments>
<arg>xpath://*[contains(text(),'Zavřít')]</arg>
</arguments>
<msg timestamp="20180909 03:51:50.507" level="INFO">Clicking element 'xpath://*[contains(text(),'Zavřít')]'.</msg>
<status status="PASS" starttime="20180909 03:51:50.507" endtime="20180909 03:51:50.579"></status>
</kw>
<status status="PASS" starttime="20180909 03:51:50.507" endtime="20180909 03:51:50.579"></status>
</kw>
<kw name="Add book on cart" library="Alza_books">
<kw name="Wait Until Element Is Visible" library="Selenium2Library">
<doc>Waits until element ``locator`` is visible.</doc>
<arguments>
<arg>xpath://*[contains(text(),'Koupit')]</arg>
</arguments>
<status status="PASS" starttime="20180909 03:51:50.579" endtime="20180909 03:51:50.609"></status>
</kw>
<kw name="Click Element" library="Selenium2Library">
<doc>Click element identified by ``locator``.</doc>
<arguments>
<arg>xpath://*[contains(text(),'Koupit')]</arg>
</arguments>
<msg timestamp="20180909 03:51:50.609" level="INFO">Clicking element 'xpath://*[contains(text(),'Koupit')]'.</msg>
<kw name="Capture Page Screenshot" library="Selenium2Library">
<doc>Takes screenshot of the current page and embeds it into log file.</doc>
<msg timestamp="20180909 03:51:51.011" level="INFO" html="yes">&lt;/td&gt;&lt;/tr&gt;&lt;tr&gt;&lt;td colspan="3"&gt;&lt;a href="selenium-screenshot-23.png"&gt;&lt;img src="selenium-screenshot-23.png" width="800px"&gt;&lt;/a&gt;</msg>
<status status="PASS" starttime="20180909 03:51:50.660" endtime="20180909 03:51:51.011"></status>
</kw>
<msg timestamp="20180909 03:51:51.016" level="FAIL">WebDriverException: Message: unknown error: Element &lt;span class="text"&gt;...&lt;/span&gt; is not clickable at point (1142, 596). Other element would receive the click: &lt;div class="footer"&gt;...&lt;/div&gt;
  (Session info: chrome=68.0.3440.106)
  (Driver info: chromedriver=2.41.578737 (49da6702b16031c40d63e5618de03a32ff6c197e),platform=Windows NT 10.0.17134 x86_64)
</msg>
<status status="FAIL" starttime="20180909 03:51:50.609" endtime="20180909 03:51:51.016"></status>
</kw>
<status status="FAIL" starttime="20180909 03:51:50.579" endtime="20180909 03:51:51.016"></status>
</kw>
<tags>
<tag>Smoke</tag>
</tags>
<status status="FAIL" starttime="20180909 03:51:41.630" endtime="20180909 03:51:51.016" critical="yes">WebDriverException: Message: unknown error: Element &lt;span class="text"&gt;...&lt;/span&gt; is not clickable at point (1142, 596). Other element would receive the click: &lt;div class="footer"&gt;...&lt;/div&gt;
  (Session info: chrome=68.0.3440.106)
  (Driver info: chromedriver=2.41.578737 (49da6702b16031c40d63e5618de03a32ff6c197e),platform=Windows NT 10.0.17134 x86_64)
</status>
</test>
<status status="FAIL" starttime="20180909 03:51:41.509" endtime="20180909 03:51:51.017"></status>
</suite>
<statistics>
<total>
<stat pass="0" fail="1">Critical Tests</stat>
<stat pass="0" fail="1">All Tests</stat>
</total>
<tag>
<stat pass="0" fail="1">Smoke</stat>
</tag>
<suite>
<stat pass="0" fail="1" id="s1" name="Test Alza">Test Alza</stat>
</suite>
</statistics>
<errors>
</errors>
</robot>
